<?xml version="1.0" encoding="UTF-8"?>
<testng-results ignored="0" total="2" passed="2" failed="0" skipped="0">
  <reporter-output>
  </reporter-output>
  <suite started-at="2024-02-05T19:26:59 CST" name="Default suite" finished-at="2024-02-05T19:27:41 CST" duration-ms="42031">
    <groups>
    </groups>
    <test started-at="2024-02-05T19:26:59 CST" name="Default test" finished-at="2024-02-05T19:27:41 CST" duration-ms="42031">
      <class name="test.LoginTest">
        <test-method signature="validUserShouldBeAbleToLogin()[pri:1, instance:test.LoginTest@f09733f]" started-at="2024-02-05T19:26:59 CST" name="validUserShouldBeAbleToLogin" finished-at="2024-02-05T19:27:23 CST" duration-ms="24671" status="PASS">
          <reporter-output>
          </reporter-output>
        </test-method> <!-- validUserShouldBeAbleToLogin -->
      </class> <!-- test.LoginTest -->
      <class name="test.NewCustomerTest">
        <test-method signature="userShouldBeAbleToAddCustomer()[pri:0, instance:test.NewCustomerTest@4145bad8]" started-at="2024-02-05T19:27:23 CST" name="userShouldBeAbleToAddCustomer" finished-at="2024-02-05T19:27:41 CST" duration-ms="17234" status="PASS">
          <reporter-output>
          </reporter-output>
        </test-method> <!-- userShouldBeAbleToAddCustomer -->
      </class> <!-- test.NewCustomerTest -->
    </test> <!-- Default test -->
  </suite> <!-- Default suite -->
</testng-results>
